## 输出样例 #1

### 输出 #1

```
8
15 20 32 40 67 89 300 400 
```

## 输出样例 #2

### 输出 #2

```
1
1
```

## 输出样例 #3

### 输出 #3

```
6
1 2 3 4 5 6
```

## 输出样例 #4

### 输出 #4

```
6
50 60 70 80 90 100
```

## 输出样例 #5

### 输出 #5

```
3
1 500 1000
```

## 输出样例 #6

### 输出 #6

```
1
10
```

## 输出样例 #7

### 输出 #7

```
100
1 2 3 4 5 6 7 8 9 10 11 12 13 14 15 16 17 18 19 20 21 22 23 24 25 26 27 28 29 30 31 32 33 34 35 36 37 38 39 40 41 42 43 44 45 46 47 48 49 50 51 52 53 54 55 56 57 58 59 60 61 62 63 64 65 66 67 68 69 70 71 72 73 74 75 76 77 78 79 80 81 82 83 84 85 86 87 88 89 90 91 92 93 94 95 96 97 98 99 100
```
## 输出样例 #8

### 输出 #8

```
4
1 3 5 8
```

## 输出样例 #9

### 输出 #9

```
8
12 23 34 45 67 78 89 90
```

## 输出样例 #10

### 输出 #10

```
5
1 2 998 999 1000 
```